c:\users\jl466\desktop\dx11starterzgs_329\dx11starterzgs\dx11starter\x64\debug\vc141.pdb
c:\users\jl466\desktop\dx11starterzgs_329\dx11starterzgs\dx11starter\x64\debug\vc141.idb
c:\users\jl466\desktop\dx11starterzgs_329\dx11starterzgs\dx11starter\x64\debug\simpleshader.obj
c:\users\jl466\desktop\dx11starterzgs_329\dx11starterzgs\dx11starter\x64\debug\mesh.obj
c:\users\jl466\desktop\dx11starterzgs_329\dx11starterzgs\dx11starter\x64\debug\material.obj
c:\users\jl466\desktop\dx11starterzgs_329\dx11starterzgs\dx11starter\x64\debug\main.obj
c:\users\jl466\desktop\dx11starterzgs_329\dx11starterzgs\dx11starter\x64\debug\game.obj
c:\users\jl466\desktop\dx11starterzgs_329\dx11starterzgs\dx11starter\x64\debug\entity.obj
c:\users\jl466\desktop\dx11starterzgs_329\dx11starterzgs\dx11starter\x64\debug\emitter.obj
c:\users\jl466\desktop\dx11starterzgs_329\dx11starterzgs\dx11starter\x64\debug\dxcore.obj
c:\users\jl466\desktop\dx11starterzgs_329\dx11starterzgs\dx11starter\x64\debug\camera.obj
c:\users\jl466\desktop\dx11starterzgs_329\dx11starterzgs\x64\debug\particlepixelshader.cso
c:\users\jl466\desktop\dx11starterzgs_329\dx11starterzgs\x64\debug\particlevertexshader.cso
c:\users\jl466\desktop\dx11starterzgs_329\dx11starterzgs\x64\debug\pixelshader.cso
c:\users\jl466\desktop\dx11starterzgs_329\dx11starterzgs\x64\debug\skyps.cso
c:\users\jl466\desktop\dx11starterzgs_329\dx11starterzgs\x64\debug\skyvs.cso
c:\users\jl466\desktop\dx11starterzgs_329\dx11starterzgs\x64\debug\vertexshader.cso
c:\users\jl466\desktop\dx11starterzgs_329\dx11starterzgs\x64\debug\vertexshader1.cso
c:\users\jl466\desktop\dx11starterzgs_329\dx11starterzgs\x64\debug\dx11starter.exe
c:\users\jl466\desktop\dx11starterzgs_329\dx11starterzgs\x64\debug\dx11starter.ilk
c:\users\jl466\desktop\dx11starterzgs_329\dx11starterzgs\x64\debug\dx11starter.pdb
c:\users\jl466\desktop\dx11starterzgs_329\dx11starterzgs\dx11starter\x64\debug\dx11starter.tlog\cl.command.1.tlog
c:\users\jl466\desktop\dx11starterzgs_329\dx11starterzgs\dx11starter\x64\debug\dx11starter.tlog\cl.read.1.tlog
c:\users\jl466\desktop\dx11starterzgs_329\dx11starterzgs\dx11starter\x64\debug\dx11starter.tlog\cl.write.1.tlog
c:\users\jl466\desktop\dx11starterzgs_329\dx11starterzgs\dx11starter\x64\debug\dx11starter.tlog\fxc.command.1.tlog
c:\users\jl466\desktop\dx11starterzgs_329\dx11starterzgs\dx11starter\x64\debug\dx11starter.tlog\fxc.read.1.tlog
c:\users\jl466\desktop\dx11starterzgs_329\dx11starterzgs\dx11starter\x64\debug\dx11starter.tlog\fxc.write.1.tlog
c:\users\jl466\desktop\dx11starterzgs_329\dx11starterzgs\dx11starter\x64\debug\dx11starter.tlog\link.command.1.tlog
c:\users\jl466\desktop\dx11starterzgs_329\dx11starterzgs\dx11starter\x64\debug\dx11starter.tlog\link.read.1.tlog
c:\users\jl466\desktop\dx11starterzgs_329\dx11starterzgs\dx11starter\x64\debug\dx11starter.tlog\link.write.1.tlog
